#
# There is insufficient memory for the Java Runtime Environment to continue.
# Native memory allocation (malloc) failed to allocate 1048576 bytes. Error detail: AllocateHeap
# Possible reasons:
#   The system is out of physical RAM or swap space
#   This process is running with CompressedOops enabled, and the Java Heap may be blocking the growth of the native heap
# Possible solutions:
#   Reduce memory load on the system
#   Increase physical memory or swap space
#   Check if swap backing store is full
#   Decrease Java heap size (-Xmx/-Xms)
#   Decrease number of Java threads
#   Decrease Java thread stack sizes (-Xss)
#   Set larger code cache with -XX:ReservedCodeCacheSize=
#   JVM is running with Unscaled Compressed Oops mode in which the Java heap is
#     placed in the first 4GB address space. The Java Heap base address is the
#     maximum limit for the native heap growth. Please use -XX:HeapBaseMinAddress
#     to set the Java Heap base and to place the Java Heap above 4GB virtual address.
# This output file may be truncated or incomplete.
#
#  Out of Memory Error (allocation.cpp:44), pid=19552, tid=15104
#
# JRE version: OpenJDK Runtime Environment Temurin-21.0.10+7 (21.0.10+7) (build 21.0.10+7-LTS)
# Java VM: OpenJDK 64-Bit Server VM Temurin-21.0.10+7 (21.0.10+7-LTS, mixed mode, sharing, tiered, compressed oops, compressed class ptrs, parallel gc, windows-amd64)
# No core dump will be written. Minidumps are not enabled by default on client versions of Windows
#

---------------  S U M M A R Y ------------

Command Line: --add-modules=ALL-SYSTEM --add-opens=java.base/java.util=ALL-UNNAMED --add-opens=java.base/java.lang=ALL-UNNAMED --add-opens=java.base/sun.nio.fs=ALL-UNNAMED -Declipse.application=org.eclipse.jdt.ls.core.id1 -Dosgi.bundles.defaultStartLevel=4 -Declipse.product=org.eclipse.jdt.ls.core.product -Djava.import.generatesMetadataFilesAtProjectRoot=false -DDetectVMInstallationsJob.disabled=true -Dfile.encoding=utf8 -XX:+UseParallelGC -XX:GCTimeRatio=4 -XX:AdaptiveSizePolicyWeight=90 -Dsun.zip.disableMemoryMapping=true -Xmx2G -Xms100m -Xlog:disable -javaagent:c:\Users\Hp-256\.vscode\extensions\redhat.java-1.53.0-win32-x64\lombok\lombok-1.18.39-4050.jar -XX:+HeapDumpOnOutOfMemoryError -XX:HeapDumpPath=c:\Users\Hp-256\AppData\Roaming\Code\User\workspaceStorage\adb93a7155e922b6d6af7a96fbedc232\redhat.java -Daether.dependencyCollector.impl=bf c:\Users\Hp-256\.vscode\extensions\redhat.java-1.53.0-win32-x64\server\plugins\org.eclipse.equinox.launcher_1.7.100.v20251111-0406.jar -configuration c:\Users\Hp-256\AppData\Roaming\Code\User\globalStorage\redhat.java\1.53.0\config_win -data c:\Users\Hp-256\AppData\Roaming\Code\User\workspaceStorage\adb93a7155e922b6d6af7a96fbedc232\redhat.java\jdt_ws --pipe=\\.\pipe\lsp-9f90d406372a762795c1d4da17670cab-sock

Host: AMD Ryzen 5 3550H with Radeon Vega Mobile Gfx  , 8 cores, 5G,  Windows 11 , 64 bit Build 26100 (10.0.26100.7920)
Time: Thu Apr  9 15:47:04 2026 India Standard Time elapsed time: 17387.626277 seconds (0d 4h 49m 47s)

---------------  T H R E A D  ---------------

Current thread (0x0000027cdd936e00):  JavaThread "Attach Listener" daemon [_thread_in_vm, id=15104, stack(0x000000f735c00000,0x000000f735d00000) (1024K)]

Stack: [0x000000f735c00000,0x000000f735d00000]
Native frames: (J=compiled Java code, j=interpreted, Vv=VM code, C=native code)
V  [jvm.dll+0x6d7a39]
V  [jvm.dll+0x8b4b26]
V  [jvm.dll+0x8b70de]
V  [jvm.dll+0x8b77c3]
V  [jvm.dll+0x284346]
V  [jvm.dll+0xc1277]
V  [jvm.dll+0x6d82e9]
V  [jvm.dll+0x1334a6]
V  [jvm.dll+0x3f857e]
V  [jvm.dll+0x85f59d]
V  [jvm.dll+0x6d626d]
C  [ucrtbase.dll+0x37b0]
C  [KERNEL32.DLL+0x2e8d7]
C  [ntdll.dll+0x8c48c]


---------------  P R O C E S S  ---------------

Threads class SMR info:
_java_thread_list=0x0000027ce6c37290, length=35, elements={
0x0000027cc6ec2750, 0x0000027cdd92adb0, 0x0000027cdd930700, 0x0000027cdd934140,
0x0000027cdd936e00, 0x0000027cdd939f70, 0x0000027cdd938bc0, 0x0000027cdd951ef0,
0x0000027cdd956f00, 0x0000027cdd9398e0, 0x0000027cdd93a600, 0x0000027cdd93ac90,
0x0000027cdd93b320, 0x0000027cdd93b9b0, 0x0000027cdd93c040, 0x0000027cdd939250,
0x0000027cdfcd22d0, 0x0000027cdfccee50, 0x0000027cdfcd0890, 0x0000027cdfcd2960,
0x0000027cdfcd3d10, 0x0000027cdfcd5750, 0x0000027cdfcd6470, 0x0000027cdfcd5de0,
0x0000027cdfcd43a0, 0x0000027cdfcd3680, 0x0000027cdfcd2ff0, 0x0000027cdfcd4a30,
0x0000027cdfcd50c0, 0x0000027ce598c700, 0x0000027ce598d420, 0x0000027ce598c070,
0x0000027ce5f4a290, 0x0000027ce5f44d40, 0x0000027ce5f45a60
}

Java Threads: ( => current thread )
  0x0000027cc6ec2750 JavaThread "main"                              [_thread_blocked, id=14440, stack(0x000000f735500000,0x000000f735600000) (1024K)]
  0x0000027cdd92adb0 JavaThread "Reference Handler"          daemon [_thread_blocked, id=15988, stack(0x000000f735900000,0x000000f735a00000) (1024K)]
  0x0000027cdd930700 JavaThread "Finalizer"                  daemon [_thread_blocked, id=18376, stack(0x000000f735a00000,0x000000f735b00000) (1024K)]
  0x0000027cdd934140 JavaThread "Signal Dispatcher"          daemon [_thread_blocked, id=1884, stack(0x000000f735b00000,0x000000f735c00000) (1024K)]
=>0x0000027cdd936e00 JavaThread "Attach Listener"            daemon [_thread_in_vm, id=15104, stack(0x000000f735c00000,0x000000f735d00000) (1024K)]
  0x0000027cdd939f70 JavaThread "Service Thread"             daemon [_thread_blocked, id=13184, stack(0x000000f735d00000,0x000000f735e00000) (1024K)]
  0x0000027cdd938bc0 JavaThread "Monitor Deflation Thread"   daemon [_thread_blocked, id=8220, stack(0x000000f735e00000,0x000000f735f00000) (1024K)]
  0x0000027cdd951ef0 JavaThread "C2 CompilerThread0"         daemon [_thread_blocked, id=15344, stack(0x000000f735f00000,0x000000f736000000) (1024K)]
  0x0000027cdd956f00 JavaThread "C1 CompilerThread0"         daemon [_thread_blocked, id=19296, stack(0x000000f736000000,0x000000f736100000) (1024K)]
  0x0000027cdd9398e0 JavaThread "Common-Cleaner"             daemon [_thread_blocked, id=3900, stack(0x000000f736100000,0x000000f736200000) (1024K)]
  0x0000027cdd93a600 JavaThread "Notification Thread"        daemon [_thread_blocked, id=8292, stack(0x000000f736200000,0x000000f736300000) (1024K)]
  0x0000027cdd93ac90 JavaThread "Active Thread: Equinox Container: b59b9748-bdfa-4d32-88d0-7d1c13c09c25"        [_thread_blocked, id=9736, stack(0x000000f736300000,0x000000f736400000) (1024K)]
  0x0000027cdd93b320 JavaThread "Refresh Thread: Equinox Container: b59b9748-bdfa-4d32-88d0-7d1c13c09c25" daemon [_thread_blocked, id=16992, stack(0x000000f736b00000,0x000000f736c00000) (1024K)]
  0x0000027cdd93b9b0 JavaThread "Framework Event Dispatcher: Equinox Container: b59b9748-bdfa-4d32-88d0-7d1c13c09c25" daemon [_thread_blocked, id=16652, stack(0x000000f736c00000,0x000000f736d00000) (1024K)]
  0x0000027cdd93c040 JavaThread "Start Level: Equinox Container: b59b9748-bdfa-4d32-88d0-7d1c13c09c25" daemon [_thread_blocked, id=15544, stack(0x000000f736d00000,0x000000f736e00000) (1024K)]
  0x0000027cdd939250 JavaThread "Bundle File Closer"         daemon [_thread_blocked, id=14648, stack(0x000000f736f00000,0x000000f737000000) (1024K)]
  0x0000027cdfcd22d0 JavaThread "SCR Component Actor"        daemon [_thread_blocked, id=8580, stack(0x000000f735300000,0x000000f735400000) (1024K)]
  0x0000027cdfccee50 JavaThread "Worker-JM"                         [_thread_blocked, id=10512, stack(0x000000f737100000,0x000000f737200000) (1024K)]
  0x0000027cdfcd0890 JavaThread "JNA Cleaner"                daemon [_thread_blocked, id=7828, stack(0x000000f737200000,0x000000f737300000) (1024K)]
  0x0000027cdfcd2960 JavaThread "Java indexing"              daemon [_thread_blocked, id=1392, stack(0x000000f737500000,0x000000f737600000) (1024K)]
  0x0000027cdfcd3d10 JavaThread "Thread-1"                   daemon [_thread_in_native, id=14788, stack(0x000000f737b00000,0x000000f737c00000) (1024K)]
  0x0000027cdfcd5750 JavaThread "Thread-2"                   daemon [_thread_in_native, id=20440, stack(0x000000f737c00000,0x000000f737d00000) (1024K)]
  0x0000027cdfcd6470 JavaThread "Thread-3"                   daemon [_thread_in_native, id=18200, stack(0x000000f737d00000,0x000000f737e00000) (1024K)]
  0x0000027cdfcd5de0 JavaThread "Thread-4"                   daemon [_thread_in_native, id=7220, stack(0x000000f737e00000,0x000000f737f00000) (1024K)]
  0x0000027cdfcd43a0 JavaThread "Thread-5"                   daemon [_thread_in_native, id=14500, stack(0x000000f737f00000,0x000000f738000000) (1024K)]
  0x0000027cdfcd3680 JavaThread "Thread-6"                   daemon [_thread_in_native, id=7332, stack(0x000000f738000000,0x000000f738100000) (1024K)]
  0x0000027cdfcd2ff0 JavaThread "Thread-7"                   daemon [_thread_in_native, id=14768, stack(0x000000f738100000,0x000000f738200000) (1024K)]
  0x0000027cdfcd4a30 JavaThread "Thread-8"                   daemon [_thread_in_native, id=16580, stack(0x000000f738200000,0x000000f738300000) (1024K)]
  0x0000027cdfcd50c0 JavaThread "Thread-9"                   daemon [_thread_in_native, id=20064, stack(0x000000f738300000,0x000000f738400000) (1024K)]
  0x0000027ce598c700 JavaThread "pool-2-thread-1"                   [_thread_blocked, id=13240, stack(0x000000f738400000,0x000000f738500000) (1024K)]
  0x0000027ce598d420 JavaThread "WorkspaceEventsHandler"            [_thread_blocked, id=14600, stack(0x000000f738500000,0x000000f738600000) (1024K)]
  0x0000027ce598c070 JavaThread "pool-1-thread-1"                   [_thread_blocked, id=18304, stack(0x000000f738600000,0x000000f738700000) (1024K)]
  0x0000027ce5f4a290 JavaThread "Cleaner-0"                  daemon [_thread_blocked, id=18764, stack(0x000000f738900000,0x000000f738a00000) (1024K)]
  0x0000027ce5f44d40 JavaThread "Worker-11"                         [_thread_blocked, id=15132, stack(0x000000f735200000,0x000000f735300000) (1024K)]
  0x0000027ce5f45a60 JavaThread "Worker-14"                         [_thread_blocked, id=10940, stack(0x000000f736e00000,0x000000f736f00000) (1024K)]
Total: 35

Other Threads:
  0x0000027cc6f5a410 VMThread "VM Thread"                           [id=15432, stack(0x000000f735800000,0x000000f735900000) (1024K)]
  0x0000027cdd83ca00 WatcherThread "VM Periodic Task Thread"        [id=19276, stack(0x000000f735700000,0x000000f735800000) (1024K)]
  0x0000027cc6eda9e0 WorkerThread "GC Thread#0"                     [id=18108, stack(0x000000f735600000,0x000000f735700000) (1024K)]
  0x0000027cdf7cc790 WorkerThread "GC Thread#1"                     [id=11872, stack(0x000000f736400000,0x000000f736500000) (1024K)]
  0x0000027cdf7cd2e0 WorkerThread "GC Thread#2"                     [id=17512, stack(0x000000f736500000,0x000000f736600000) (1024K)]
  0x0000027cdf7cd690 WorkerThread "GC Thread#3"                     [id=19800, stack(0x000000f736600000,0x000000f736700000) (1024K)]
  0x0000027cdfa9e180 WorkerThread "GC Thread#4"                     [id=17476, stack(0x000000f736700000,0x000000f736800000) (1024K)]
  0x0000027cdfc9df60 WorkerThread "GC Thread#5"                     [id=12080, stack(0x000000f736800000,0x000000f736900000) (1024K)]
  0x0000027cdfa9ecd0 WorkerThread "GC Thread#6"                     [id=5284, stack(0x000000f736900000,0x000000f736a00000) (1024K)]
  0x0000027ce4171140 WorkerThread "GC Thread#7"                     [id=18328, stack(0x000000f736a00000,0x000000f736b00000) (1024K)]
Total: 10

Threads with active compile tasks:
Total: 0

VM state: not at safepoint (normal execution)

VM Mutex/Monitor currently owned by a thread: None

Heap address: 0x0000000080000000, size: 2048 MB, Compressed Oops mode: 32-bit

CDS archive(s) mapped at: [0x0000027c80000000-0x0000027c80ba0000-0x0000027c80ba0000), size 12189696, SharedBaseAddress: 0x0000027c80000000, ArchiveRelocationMode: 1.
Compressed class space mapped at: 0x0000027c81000000-0x0000027cc1000000, reserved size: 1073741824
Narrow klass base: 0x0000027c80000000, Narrow klass shift: 0, Narrow klass range: 0x100000000

GC Precious Log:
 CardTable entry size: 512
 CPUs: 8 total, 8 available
 Memory: 6016M
 Large Page Support: Disabled
 NUMA Support: Disabled
 Compressed Oops: Enabled (32-bit)
 Alignments: Space 512K, Generation 512K, Heap 2M
 Heap Min Capacity: 100M
 Heap Initial Capacity: 100M
 Heap Max Capacity: 2G
 Pre-touch: Disabled
 Parallel Workers: 8

Heap:
 PSYoungGen      total 2048K, used 607K [0x00000000d5580000, 0x00000000d5880000, 0x0000000100000000)
  eden space 1536K, 24% used [0x00000000d5580000,0x00000000d55dfc10,0x00000000d5700000)
  from space 512K, 43% used [0x00000000d5780000,0x00000000d57b8000,0x00000000d5800000)
  to   space 512K, 0% used [0x00000000d5800000,0x00000000d5800000,0x00000000d5880000)
 ParOldGen       total 554496K, used 453338K [0x0000000080000000, 0x00000000a1d80000, 0x00000000d5580000)
  object space 554496K, 81% used [0x0000000080000000,0x000000009bab6840,0x00000000a1d80000)
 Metaspace       used 82577K, committed 84224K, reserved 1179648K
  class space    used 8341K, committed 9088K, reserved 1048576K

Card table byte_map: [0x0000027cc6850000,0x0000027cc6c60000] _byte_map_base: 0x0000027cc6450000

Marking Bits: (ParMarkBitMap*) 0x00007fff6b603450
 Begin Bits: [0x0000027cd9360000, 0x0000027cdb360000)
 End Bits:   [0x0000027cdb360000, 0x0000027cdd360000)

Polling page: 0x0000027cc4d50000

Metaspace:

Usage:
  Non-class:     72.50 MB used.
      Class:      8.15 MB used.
       Both:     80.64 MB used.

Virtual space:
  Non-class space:      128.00 MB reserved,      73.38 MB ( 57%) committed,  2 nodes.
      Class space:        1.00 GB reserved,       8.88 MB ( <1%) committed,  1 nodes.
             Both:        1.12 GB reserved,      82.25 MB (  7%) committed. 

Chunk freelists:
   Non-Class:  6.09 MB
       Class:  7.21 MB
        Both:  13.30 MB

MaxMetaspaceSize: unlimited
CompressedClassSpaceSize: 1.00 GB
Initial GC threshold: 21.00 MB
Current GC threshold: 134.00 MB
CDS: on
 - commit_granule_bytes: 65536.
 - commit_granule_words: 8192.
 - virtual_space_node_default_size: 8388608.
 - enlarge_chunks_in_place: 1.
 - use_allocation_guard: 0.


Internal statistics:

num_allocs_failed_limit: 9.
num_arena_births: 1752.
num_arena_deaths: 386.
num_vsnodes_births: 3.
num_vsnodes_deaths: 0.
num_space_committed: 1316.
num_space_uncommitted: 0.
num_chunks_returned_to_freelist: 471.
num_chunks_taken_from_freelist: 5853.
num_chunk_merges: 139.
num_chunk_splits: 3388.
num_chunks_enlarged: 1807.
num_inconsistent_stats: 0.

CodeHeap 'non-profiled nmethods': size=120000Kb used=16868Kb max_used=16868Kb free=103131Kb
 bounds [0x0000027cd1b80000, 0x0000027cd2c00000, 0x0000027cd90b0000]
CodeHeap 'profiled nmethods': size=120000Kb used=43143Kb max_used=43143Kb free=76856Kb
 bounds [0x0000027cca0b0000, 0x0000027cccae0000, 0x0000027cd15e0000]
CodeHeap 'non-nmethods': size=5760Kb used=1520Kb max_used=1606Kb free=4239Kb
 bounds [0x0000027cd15e0000, 0x0000027cd1850000, 0x0000027cd1b80000]
CodeCache: size=245760Kb, used=61531Kb, max_used=61617Kb, free=184226Kb
 total_blobs=18262, nmethods=17419, adapters=743, full_count=0
Compilation: enabled, stopped_count=0, restarted_count=0

Compilation events (20 events):
Event: 11127.173 Thread 0x0000027cdd951ef0 19454       4       java.util.concurrent.atomic.AtomicLong::getAndIncrement (12 bytes)
Event: 11127.174 Thread 0x0000027cdd956f00 19455       3       org.eclipse.core.internal.jobs.InternalJob::schedule (16 bytes)
Event: 11127.176 Thread 0x0000027cdd951ef0 nmethod 19454 0x0000027cd2bf6190 code [0x0000027cd2bf6320, 0x0000027cd2bf63b0]
Event: 11127.178 Thread 0x0000027cdd956f00 nmethod 19455 0x0000027cccacd010 code [0x0000027cccacd1e0, 0x0000027cccacd438]
Event: 11127.178 Thread 0x0000027cdd956f00 19456       3       org.eclipse.core.internal.jobs.JobListeners$$Lambda/0x0000027c8118d820::notify (8 bytes)
Event: 11127.179 Thread 0x0000027cdd956f00 nmethod 19456 0x0000027cccacd510 code [0x0000027cccacd6c0, 0x0000027cccacd8a0]
Event: 12049.675 Thread 0x0000027cdd951ef0 19457       4       java.util.concurrent.locks.AbstractQueuedSynchronizer$Node::clearStatus (12 bytes)
Event: 12049.708 Thread 0x0000027cdd951ef0 nmethod 19457 0x0000027cd2bf6490 code [0x0000027cd2bf6620, 0x0000027cd2bf66b0]
Event: 12256.316 Thread 0x0000027cdd951ef0 19458       4       java.util.concurrent.locks.AbstractQueuedSynchronizer$Node::getAndUnsetStatus (14 bytes)
Event: 12256.380 Thread 0x0000027cdd951ef0 nmethod 19458 0x0000027cd2bf6790 code [0x0000027cd2bf6920, 0x0000027cd2bf69f0]
Event: 12496.587 Thread 0x0000027cdd951ef0 19459       4       java.util.concurrent.locks.AbstractQueuedSynchronizer$ConditionObject::canReacquire (38 bytes)
Event: 12496.624 Thread 0x0000027cdd951ef0 nmethod 19459 0x0000027cd2bf6a90 code [0x0000027cd2bf6c20, 0x0000027cd2bf6d00]
Event: 12946.962 Thread 0x0000027cdd951ef0 19460       4       java.util.concurrent.ScheduledThreadPoolExecutor::canRunInCurrentRunState (61 bytes)
Event: 12947.008 Thread 0x0000027cdd951ef0 nmethod 19460 0x0000027cd2bf6e10 code [0x0000027cd2bf6fa0, 0x0000027cd2bf7068]
Event: 13157.123 Thread 0x0000027cdd951ef0 19461   !   4       java.util.concurrent.locks.AbstractQueuedSynchronizer::tryInitializeHead (66 bytes)
Event: 13157.169 Thread 0x0000027cdd951ef0 nmethod 19461 0x0000027cd2bf7190 code [0x0000027cd2bf7320, 0x0000027cd2bf74d8]
Event: 13843.845 Thread 0x0000027cdd956f00 19462   !   3       org.eclipse.core.internal.jobs.WorkerPool::startJob (345 bytes)
Event: 13844.006 Thread 0x0000027cdd956f00 nmethod 19462 0x0000027cccacd990 code [0x0000027cccacdf20, 0x0000027cccad0a30]
Event: 15644.112 Thread 0x0000027cdd951ef0 19463       4       org.eclipse.core.internal.resources.MarkerSet::shareStrings (57 bytes)
Event: 15644.357 Thread 0x0000027cdd951ef0 nmethod 19463 0x0000027cd2bf7610 code [0x0000027cd2bf7880, 0x0000027cd2bf8638]

GC Heap History (20 events):
Event: 7674.130 GC heap before
{Heap before GC invocations=434 (full 4):
 PSYoungGen      total 2048K, used 2032K [0x00000000d5580000, 0x00000000d5a00000, 0x0000000100000000)
  eden space 1536K, 100% used [0x00000000d5580000,0x00000000d5700000,0x00000000d5700000)
  from space 512K, 97% used [0x00000000d5780000,0x00000000d57fc3e8,0x00000000d5800000)
  to   space 1536K, 0% used [0x00000000d5880000,0x00000000d5880000,0x00000000d5a00000)
 ParOldGen       total 554496K, used 445726K [0x0000000080000000, 0x00000000a1d80000, 0x00000000d5580000)
  object space 554496K, 80% used [0x0000000080000000,0x000000009b347b70,0x00000000a1d80000)
 Metaspace       used 82526K, committed 84160K, reserved 1179648K
  class space    used 8340K, committed 9088K, reserved 1048576K
}
Event: 7674.132 GC heap after
{Heap after GC invocations=434 (full 4):
 PSYoungGen      total 3072K, used 1372K [0x00000000d5580000, 0x00000000d5a00000, 0x0000000100000000)
  eden space 1536K, 0% used [0x00000000d5580000,0x00000000d5580000,0x00000000d5700000)
  from space 1536K, 89% used [0x00000000d5880000,0x00000000d59d71e0,0x00000000d5a00000)
  to   space 1536K, 0% used [0x00000000d5700000,0x00000000d5700000,0x00000000d5880000)
 ParOldGen       total 554496K, used 446208K [0x0000000080000000, 0x00000000a1d80000, 0x00000000d5580000)
  object space 554496K, 80% used [0x0000000080000000,0x000000009b3c0198,0x00000000a1d80000)
 Metaspace       used 82526K, committed 84160K, reserved 1179648K
  class space    used 8340K, committed 9088K, reserved 1048576K
}
Event: 7675.342 GC heap before
{Heap before GC invocations=435 (full 4):
 PSYoungGen      total 3072K, used 2908K [0x00000000d5580000, 0x00000000d5a00000, 0x0000000100000000)
  eden space 1536K, 100% used [0x00000000d5580000,0x00000000d5700000,0x00000000d5700000)
  from space 1536K, 89% used [0x00000000d5880000,0x00000000d59d71e0,0x00000000d5a00000)
  to   space 1536K, 0% used [0x00000000d5700000,0x00000000d5700000,0x00000000d5880000)
 ParOldGen       total 554496K, used 446208K [0x0000000080000000, 0x00000000a1d80000, 0x00000000d5580000)
  object space 554496K, 80% used [0x0000000080000000,0x000000009b3c0198,0x00000000a1d80000)
 Metaspace       used 82526K, committed 84160K, reserved 1179648K
  class space    used 8340K, committed 9088K, reserved 1048576K
}
Event: 7675.346 GC heap after
{Heap after GC invocations=435 (full 4):
 PSYoungGen      total 3072K, used 1466K [0x00000000d5580000, 0x00000000d5a00000, 0x0000000100000000)
  eden space 1536K, 0% used [0x00000000d5580000,0x00000000d5580000,0x00000000d5700000)
  from space 1536K, 95% used [0x00000000d5700000,0x00000000d586eb78,0x00000000d5880000)
  to   space 1536K, 0% used [0x00000000d5880000,0x00000000d5880000,0x00000000d5a00000)
 ParOldGen       total 554496K, used 447532K [0x0000000080000000, 0x00000000a1d80000, 0x00000000d5580000)
  object space 554496K, 80% used [0x0000000080000000,0x000000009b50b060,0x00000000a1d80000)
 Metaspace       used 82526K, committed 84160K, reserved 1179648K
  class space    used 8340K, committed 9088K, reserved 1048576K
}
Event: 7677.291 GC heap before
{Heap before GC invocations=436 (full 4):
 PSYoungGen      total 3072K, used 2998K [0x00000000d5580000, 0x00000000d5a00000, 0x0000000100000000)
  eden space 1536K, 99% used [0x00000000d5580000,0x00000000d56fee70,0x00000000d5700000)
  from space 1536K, 95% used [0x00000000d5700000,0x00000000d586eb78,0x00000000d5880000)
  to   space 1536K, 0% used [0x00000000d5880000,0x00000000d5880000,0x00000000d5a00000)
 ParOldGen       total 554496K, used 447532K [0x0000000080000000, 0x00000000a1d80000, 0x00000000d5580000)
  object space 554496K, 80% used [0x0000000080000000,0x000000009b50b060,0x00000000a1d80000)
 Metaspace       used 82526K, committed 84160K, reserved 1179648K
  class space    used 8340K, committed 9088K, reserved 1048576K
}
Event: 7677.304 GC heap after
{Heap after GC invocations=436 (full 4):
 PSYoungGen      total 3072K, used 1322K [0x00000000d5580000, 0x00000000d5a00000, 0x0000000100000000)
  eden space 1536K, 0% used [0x00000000d5580000,0x00000000d5580000,0x00000000d5700000)
  from space 1536K, 86% used [0x00000000d5880000,0x00000000d59caaa0,0x00000000d5a00000)
  to   space 1536K, 0% used [0x00000000d5700000,0x00000000d5700000,0x00000000d5880000)
 ParOldGen       total 554496K, used 448875K [0x0000000080000000, 0x00000000a1d80000, 0x00000000d5580000)
  object space 554496K, 80% used [0x0000000080000000,0x000000009b65ac38,0x00000000a1d80000)
 Metaspace       used 82526K, committed 84160K, reserved 1179648K
  class space    used 8340K, committed 9088K, reserved 1048576K
}
Event: 7680.062 GC heap before
{Heap before GC invocations=437 (full 4):
 PSYoungGen      total 3072K, used 2851K [0x00000000d5580000, 0x00000000d5a00000, 0x0000000100000000)
  eden space 1536K, 99% used [0x00000000d5580000,0x00000000d56fe368,0x00000000d5700000)
  from space 1536K, 86% used [0x00000000d5880000,0x00000000d59caaa0,0x00000000d5a00000)
  to   space 1536K, 0% used [0x00000000d5700000,0x00000000d5700000,0x00000000d5880000)
 ParOldGen       total 554496K, used 448875K [0x0000000080000000, 0x00000000a1d80000, 0x00000000d5580000)
  object space 554496K, 80% used [0x0000000080000000,0x000000009b65ac38,0x00000000a1d80000)
 Metaspace       used 82526K, committed 84160K, reserved 1179648K
  class space    used 8340K, committed 9088K, reserved 1048576K
}
Event: 7680.065 GC heap after
{Heap after GC invocations=437 (full 4):
 PSYoungGen      total 3072K, used 1283K [0x00000000d5580000, 0x00000000d5a00000, 0x0000000100000000)
  eden space 1536K, 0% used [0x00000000d5580000,0x00000000d5580000,0x00000000d5700000)
  from space 1536K, 83% used [0x00000000d5700000,0x00000000d5840fd8,0x00000000d5880000)
  to   space 1536K, 0% used [0x00000000d5880000,0x00000000d5880000,0x00000000d5a00000)
 ParOldGen       total 554496K, used 450081K [0x0000000080000000, 0x00000000a1d80000, 0x00000000d5580000)
  object space 554496K, 81% used [0x0000000080000000,0x000000009b788490,0x00000000a1d80000)
 Metaspace       used 82526K, committed 84160K, reserved 1179648K
  class space    used 8340K, committed 9088K, reserved 1048576K
}
Event: 7684.167 GC heap before
{Heap before GC invocations=438 (full 4):
 PSYoungGen      total 3072K, used 2819K [0x00000000d5580000, 0x00000000d5a00000, 0x0000000100000000)
  eden space 1536K, 100% used [0x00000000d5580000,0x00000000d5700000,0x00000000d5700000)
  from space 1536K, 83% used [0x00000000d5700000,0x00000000d5840fd8,0x00000000d5880000)
  to   space 1536K, 0% used [0x00000000d5880000,0x00000000d5880000,0x00000000d5a00000)
 ParOldGen       total 554496K, used 450081K [0x0000000080000000, 0x00000000a1d80000, 0x00000000d5580000)
  object space 554496K, 81% used [0x0000000080000000,0x000000009b788490,0x00000000a1d80000)
 Metaspace       used 82526K, committed 84160K, reserved 1179648K
  class space    used 8340K, committed 9088K, reserved 1048576K
}
Event: 7684.179 GC heap after
{Heap after GC invocations=438 (full 4):
 PSYoungGen      total 3072K, used 1320K [0x00000000d5580000, 0x00000000d5a00000, 0x0000000100000000)
  eden space 1536K, 0% used [0x00000000d5580000,0x00000000d5580000,0x00000000d5700000)
  from space 1536K, 85% used [0x00000000d5880000,0x00000000d59ca2f0,0x00000000d5a00000)
  to   space 1536K, 0% used [0x00000000d5700000,0x00000000d5700000,0x00000000d5880000)
 ParOldGen       total 554496K, used 451264K [0x0000000080000000, 0x00000000a1d80000, 0x00000000d5580000)
  object space 554496K, 81% used [0x0000000080000000,0x000000009b8b01f8,0x00000000a1d80000)
 Metaspace       used 82526K, committed 84160K, reserved 1179648K
  class space    used 8340K, committed 9088K, reserved 1048576K
}
Event: 7684.321 GC heap before
{Heap before GC invocations=439 (full 4):
 PSYoungGen      total 3072K, used 2856K [0x00000000d5580000, 0x00000000d5a00000, 0x0000000100000000)
  eden space 1536K, 100% used [0x00000000d5580000,0x00000000d5700000,0x00000000d5700000)
  from space 1536K, 85% used [0x00000000d5880000,0x00000000d59ca2f0,0x00000000d5a00000)
  to   space 1536K, 0% used [0x00000000d5700000,0x00000000d5700000,0x00000000d5880000)
 ParOldGen       total 554496K, used 451264K [0x0000000080000000, 0x00000000a1d80000, 0x00000000d5580000)
  object space 554496K, 81% used [0x0000000080000000,0x000000009b8b01f8,0x00000000a1d80000)
 Metaspace       used 82526K, committed 84160K, reserved 1179648K
  class space    used 8340K, committed 9088K, reserved 1048576K
}
Event: 7684.331 GC heap after
{Heap after GC invocations=439 (full 4):
 PSYoungGen      total 2560K, used 768K [0x00000000d5580000, 0x00000000d5900000, 0x0000000100000000)
  eden space 1536K, 0% used [0x00000000d5580000,0x00000000d5580000,0x00000000d5700000)
  from space 1024K, 75% used [0x00000000d5700000,0x00000000d57c0000,0x00000000d5800000)
  to   space 1024K, 0% used [0x00000000d5800000,0x00000000d5800000,0x00000000d5900000)
 ParOldGen       total 554496K, used 452426K [0x0000000080000000, 0x00000000a1d80000, 0x00000000d5580000)
  object space 554496K, 81% used [0x0000000080000000,0x000000009b9d2820,0x00000000a1d80000)
 Metaspace       used 82526K, committed 84160K, reserved 1179648K
  class space    used 8340K, committed 9088K, reserved 1048576K
}
Event: 11041.121 GC heap before
{Heap before GC invocations=440 (full 4):
 PSYoungGen      total 2560K, used 2304K [0x00000000d5580000, 0x00000000d5900000, 0x0000000100000000)
  eden space 1536K, 100% used [0x00000000d5580000,0x00000000d5700000,0x00000000d5700000)
  from space 1024K, 75% used [0x00000000d5700000,0x00000000d57c0000,0x00000000d5800000)
  to   space 1024K, 0% used [0x00000000d5800000,0x00000000d5800000,0x00000000d5900000)
 ParOldGen       total 554496K, used 452426K [0x0000000080000000, 0x00000000a1d80000, 0x00000000d5580000)
  object space 554496K, 81% used [0x0000000080000000,0x000000009b9d2820,0x00000000a1d80000)
 Metaspace       used 82557K, committed 84224K, reserved 1179648K
  class space    used 8341K, committed 9088K, reserved 1048576K
}
Event: 11041.270 GC heap after
{Heap after GC invocations=440 (full 4):
 PSYoungGen      total 2560K, used 384K [0x00000000d5580000, 0x00000000d5900000, 0x0000000100000000)
  eden space 1536K, 0% used [0x00000000d5580000,0x00000000d5580000,0x00000000d5700000)
  from space 1024K, 37% used [0x00000000d5800000,0x00000000d5860020,0x00000000d5900000)
  to   space 1024K, 0% used [0x00000000d5700000,0x00000000d5700000,0x00000000d5800000)
 ParOldGen       total 554496K, used 453074K [0x0000000080000000, 0x00000000a1d80000, 0x00000000d5580000)
  object space 554496K, 81% used [0x0000000080000000,0x000000009ba74820,0x00000000a1d80000)
 Metaspace       used 82557K, committed 84224K, reserved 1179648K
  class space    used 8341K, committed 9088K, reserved 1048576K
}
Event: 11056.030 GC heap before
{Heap before GC invocations=441 (full 4):
 PSYoungGen      total 2560K, used 1920K [0x00000000d5580000, 0x00000000d5900000, 0x0000000100000000)
  eden space 1536K, 100% used [0x00000000d5580000,0x00000000d5700000,0x00000000d5700000)
  from space 1024K, 37% used [0x00000000d5800000,0x00000000d5860020,0x00000000d5900000)
  to   space 1024K, 0% used [0x00000000d5700000,0x00000000d5700000,0x00000000d5800000)
 ParOldGen       total 554496K, used 453074K [0x0000000080000000, 0x00000000a1d80000, 0x00000000d5580000)
  object space 554496K, 81% used [0x0000000080000000,0x000000009ba74820,0x00000000a1d80000)
 Metaspace       used 82563K, committed 84224K, reserved 1179648K
  class space    used 8341K, committed 9088K, reserved 1048576K
}
Event: 11056.036 GC heap after
{Heap after GC invocations=441 (full 4):
 PSYoungGen      total 2560K, used 160K [0x00000000d5580000, 0x00000000d5880000, 0x0000000100000000)
  eden space 1536K, 0% used [0x00000000d5580000,0x00000000d5580000,0x00000000d5700000)
  from space 1024K, 15% used [0x00000000d5700000,0x00000000d5728000,0x00000000d5800000)
  to   space 512K, 0% used [0x00000000d5800000,0x00000000d5800000,0x00000000d5880000)
 ParOldGen       total 554496K, used 453290K [0x0000000080000000, 0x00000000a1d80000, 0x00000000d5580000)
  object space 554496K, 81% used [0x0000000080000000,0x000000009baaa840,0x00000000a1d80000)
 Metaspace       used 82563K, committed 84224K, reserved 1179648K
  class space    used 8341K, committed 9088K, reserved 1048576K
}
Event: 11075.002 GC heap before
{Heap before GC invocations=442 (full 4):
 PSYoungGen      total 2560K, used 1696K [0x00000000d5580000, 0x00000000d5880000, 0x0000000100000000)
  eden space 1536K, 100% used [0x00000000d5580000,0x00000000d5700000,0x00000000d5700000)
  from space 1024K, 15% used [0x00000000d5700000,0x00000000d5728000,0x00000000d5800000)
  to   space 512K, 0% used [0x00000000d5800000,0x00000000d5800000,0x00000000d5880000)
 ParOldGen       total 554496K, used 453290K [0x0000000080000000, 0x00000000a1d80000, 0x00000000d5580000)
  object space 554496K, 81% used [0x0000000080000000,0x000000009baaa840,0x00000000a1d80000)
 Metaspace       used 82571K, committed 84224K, reserved 1179648K
  class space    used 8341K, committed 9088K, reserved 1048576K
}
Event: 11075.006 GC heap after
{Heap after GC invocations=442 (full 4):
 PSYoungGen      total 2048K, used 128K [0x00000000d5580000, 0x00000000d5880000, 0x0000000100000000)
  eden space 1536K, 0% used [0x00000000d5580000,0x00000000d5580000,0x00000000d5700000)
  from space 512K, 25% used [0x00000000d5800000,0x00000000d5820000,0x00000000d5880000)
  to   space 512K, 0% used [0x00000000d5780000,0x00000000d5780000,0x00000000d5800000)
 ParOldGen       total 554496K, used 453338K [0x0000000080000000, 0x00000000a1d80000, 0x00000000d5580000)
  object space 554496K, 81% used [0x0000000080000000,0x000000009bab6840,0x00000000a1d80000)
 Metaspace       used 82571K, committed 84224K, reserved 1179648K
  class space    used 8341K, committed 9088K, reserved 1048576K
}
Event: 12943.492 GC heap before
{Heap before GC invocations=443 (full 4):
 PSYoungGen      total 2048K, used 1662K [0x00000000d5580000, 0x00000000d5880000, 0x0000000100000000)
  eden space 1536K, 99% used [0x00000000d5580000,0x00000000d56ff908,0x00000000d5700000)
  from space 512K, 25% used [0x00000000d5800000,0x00000000d5820000,0x00000000d5880000)
  to   space 512K, 0% used [0x00000000d5780000,0x00000000d5780000,0x00000000d5800000)
 ParOldGen       total 554496K, used 453338K [0x0000000080000000, 0x00000000a1d80000, 0x00000000d5580000)
  object space 554496K, 81% used [0x0000000080000000,0x000000009bab6840,0x00000000a1d80000)
 Metaspace       used 82572K, committed 84224K, reserved 1179648K
  class space    used 8341K, committed 9088K, reserved 1048576K
}
Event: 12943.661 GC heap after
{Heap after GC invocations=443 (full 4):
 PSYoungGen      total 2048K, used 224K [0x00000000d5580000, 0x00000000d5880000, 0x0000000100000000)
  eden space 1536K, 0% used [0x00000000d5580000,0x00000000d5580000,0x00000000d5700000)
  from space 512K, 43% used [0x00000000d5780000,0x00000000d57b8000,0x00000000d5800000)
  to   space 512K, 0% used [0x00000000d5800000,0x00000000d5800000,0x00000000d5880000)
 ParOldGen       total 554496K, used 453338K [0x0000000080000000, 0x00000000a1d80000, 0x00000000d5580000)
  object space 554496K, 81% used [0x0000000080000000,0x000000009bab6840,0x00000000a1d80000)
 Metaspace       used 82572K, committed 84224K, reserved 1179648K
  class space    used 8341K, committed 9088K, reserved 1048576K
}

Dll operation events (12 events):
Event: 0.022 Loaded shared library c:\Users\Hp-256\.vscode\extensions\redhat.java-1.53.0-win32-x64\jre\21.0.10-win32-x86_64\bin\java.dll
Event: 0.157 Loaded shared library c:\Users\Hp-256\.vscode\extensions\redhat.java-1.53.0-win32-x64\jre\21.0.10-win32-x86_64\bin\zip.dll
Event: 0.197 Loaded shared library C:\Users\Hp-256\.vscode\extensions\redhat.java-1.53.0-win32-x64\jre\21.0.10-win32-x86_64\bin\instrument.dll
Event: 0.205 Loaded shared library C:\Users\Hp-256\.vscode\extensions\redhat.java-1.53.0-win32-x64\jre\21.0.10-win32-x86_64\bin\net.dll
Event: 0.210 Loaded shared library C:\Users\Hp-256\.vscode\extensions\redhat.java-1.53.0-win32-x64\jre\21.0.10-win32-x86_64\bin\nio.dll
Event: 0.215 Loaded shared library C:\Users\Hp-256\.vscode\extensions\redhat.java-1.53.0-win32-x64\jre\21.0.10-win32-x86_64\bin\zip.dll
Event: 0.248 Loaded shared library C:\Users\Hp-256\.vscode\extensions\redhat.java-1.53.0-win32-x64\jre\21.0.10-win32-x86_64\bin\jimage.dll
Event: 0.420 Loaded shared library c:\Users\Hp-256\.vscode\extensions\redhat.java-1.53.0-win32-x64\jre\21.0.10-win32-x86_64\bin\verify.dll
Event: 19.835 Loaded shared library C:\Users\Hp-256\AppData\Roaming\Code\User\globalStorage\redhat.java\1.53.0\config_win\org.eclipse.equinox.launcher\org.eclipse.equinox.launcher.win32.win32.x86_64_1.3.0.v20260203-2149\eclipse_11919.dll
Event: 41.932 Loaded shared library C:\Users\Hp-256\AppData\Local\Temp\jna--2128843730\jna12048189554358380015.dll
Event: 46.309 Loaded shared library C:\Users\Hp-256\.vscode\extensions\redhat.java-1.53.0-win32-x64\jre\21.0.10-win32-x86_64\bin\sunmscapi.dll
Event: 46.792 Loaded shared library C:\Users\Hp-256\.vscode\extensions\redhat.java-1.53.0-win32-x64\jre\21.0.10-win32-x86_64\bin\extnet.dll

Deoptimization events (20 events):
Event: 7669.540 Thread 0x0000027ce5f48850 Uncommon trap: trap_request=0xffffffde fr.pc=0x0000027cd225a2ec relative=0x000000000000092c
Event: 7669.540 Thread 0x0000027ce5f48850 Uncommon trap: reason=class_check action=maybe_recompile pc=0x0000027cd225a2ec method=java.text.MessageFormat.format(Ljava/lang/Object;Ljava/lang/StringBuffer;Ljava/text/FieldPosition;)Ljava/lang/StringBuffer; @ 2 c2
Event: 7669.540 Thread 0x0000027ce5f48850 DEOPT PACKING pc=0x0000027cd225a2ec sp=0x000000f7354fe8b0
Event: 7669.540 Thread 0x0000027ce5f48850 DEOPT UNPACKING pc=0x0000027cd1633aa2 sp=0x000000f7354fe830 mode 2
Event: 7684.057 Thread 0x0000027ce5f48850 Uncommon trap: trap_request=0xffffff45 fr.pc=0x0000027cd2ba248c relative=0x000000000000046c
Event: 7684.058 Thread 0x0000027ce5f48850 Uncommon trap: reason=unstable_if action=reinterpret pc=0x0000027cd2ba248c method=org.eclipse.jdt.internal.compiler.parser.Parser.constructTypeReference(I)Lorg/eclipse/jdt/internal/compiler/ast/TypeReference; @ 179 c2
Event: 7684.058 Thread 0x0000027ce5f48850 DEOPT PACKING pc=0x0000027cd2ba248c sp=0x000000f7354fe120
Event: 7684.058 Thread 0x0000027ce5f48850 DEOPT UNPACKING pc=0x0000027cd1633aa2 sp=0x000000f7354fe0a0 mode 2
Event: 7684.208 Thread 0x0000027ce5f48850 Uncommon trap: trap_request=0xffffffde fr.pc=0x0000027cd26b73b0 relative=0x00000000000005b0
Event: 7684.209 Thread 0x0000027ce5f48850 Uncommon trap: reason=class_check action=maybe_recompile pc=0x0000027cd26b73b0 method=org.eclipse.jdt.internal.compiler.util.SimpleSet.add(Ljava/lang/Object;)Ljava/lang/Object; @ 7 c2
Event: 7684.209 Thread 0x0000027ce5f48850 DEOPT PACKING pc=0x0000027cd26b73b0 sp=0x000000f7354fe0b0
Event: 7684.209 Thread 0x0000027ce5f48850 DEOPT UNPACKING pc=0x0000027cd1633aa2 sp=0x000000f7354fe058 mode 2
Event: 7684.342 Thread 0x0000027ce5f48850 Uncommon trap: trap_request=0xffffff3d fr.pc=0x0000027cd203f694 relative=0x0000000000001d14
Event: 7684.343 Thread 0x0000027ce5f48850 Uncommon trap: reason=unstable_fused_if action=reinterpret pc=0x0000027cd203f694 method=org.eclipse.jdt.internal.compiler.lookup.ReferenceBinding.computeId()V @ 2535 c2
Event: 7684.343 Thread 0x0000027ce5f48850 DEOPT PACKING pc=0x0000027cd203f694 sp=0x000000f7354fdb70
Event: 7684.343 Thread 0x0000027ce5f48850 DEOPT UNPACKING pc=0x0000027cd1633aa2 sp=0x000000f7354fdaf0 mode 2
Event: 7684.351 Thread 0x0000027ce5f48850 Uncommon trap: trap_request=0xffffff45 fr.pc=0x0000027cd2ba35c4 relative=0x0000000000000484
Event: 7684.351 Thread 0x0000027ce5f48850 Uncommon trap: reason=unstable_if action=reinterpret pc=0x0000027cd2ba35c4 method=org.eclipse.jdt.internal.compiler.lookup.LookupEnvironment.convertToRawType(Lorg/eclipse/jdt/internal/compiler/lookup/TypeBinding;Z)Lorg/eclipse/jdt/internal/compiler/lookup
Event: 7684.351 Thread 0x0000027ce5f48850 DEOPT PACKING pc=0x0000027cd2ba35c4 sp=0x000000f7354fdef0
Event: 7684.351 Thread 0x0000027ce5f48850 DEOPT UNPACKING pc=0x0000027cd1633aa2 sp=0x000000f7354fde68 mode 2

Classes loaded (20 events):
Event: 4573.684 Loading class java/util/stream/Nodes$CollectorTask$OfRef
Event: 4573.690 Loading class java/util/stream/Nodes$CollectorTask
Event: 4573.693 Loading class java/util/stream/Nodes$CollectorTask done
Event: 4573.693 Loading class java/util/stream/Nodes$CollectorTask$OfRef done
Event: 4573.721 Loading class java/util/function/LongFunction
Event: 4573.722 Loading class java/util/function/LongFunction done
Event: 4573.726 Loading class java/util/stream/Nodes$ConcNode
Event: 4573.727 Loading class java/util/stream/Nodes$AbstractConcNode
Event: 4573.728 Loading class java/util/stream/Nodes$AbstractConcNode done
Event: 4573.728 Loading class java/util/stream/Nodes$ConcNode done
Event: 4573.778 Loading class java/util/stream/Nodes$ToArrayTask$OfRef
Event: 4573.779 Loading class java/util/stream/Nodes$ToArrayTask
Event: 4573.779 Loading class java/util/stream/Nodes$ToArrayTask done
Event: 4573.779 Loading class java/util/stream/Nodes$ToArrayTask$OfRef done
Event: 4573.784 Loading class java/io/ObjectOutputStream$BlockDataOutputStream
Event: 4573.785 Loading class java/io/ObjectOutputStream$BlockDataOutputStream done
Event: 4573.785 Loading class java/io/ObjectOutputStream$HandleTable
Event: 4573.785 Loading class java/io/ObjectOutputStream$HandleTable done
Event: 4573.785 Loading class java/io/ObjectOutputStream$ReplaceTable
Event: 4573.786 Loading class java/io/ObjectOutputStream$ReplaceTable done

Classes unloaded (20 events):
Event: 4307.095 Thread 0x0000027cc6f5a410 Unloading class 0x0000027c8108ac00 'java/lang/invoke/LambdaForm$MH+0x0000027c8108ac00'
Event: 4307.096 Thread 0x0000027cc6f5a410 Unloading class 0x0000027c8101ec00 'java/lang/invoke/LambdaForm$MH+0x0000027c8101ec00'
Event: 4307.096 Thread 0x0000027cc6f5a410 Unloading class 0x0000027c8100d800 'java/lang/invoke/LambdaForm$MH+0x0000027c8100d800'
Event: 4307.096 Thread 0x0000027cc6f5a410 Unloading class 0x0000027c8100d400 'java/lang/invoke/LambdaForm$MH+0x0000027c8100d400'
Event: 4307.096 Thread 0x0000027cc6f5a410 Unloading class 0x0000027c8100d000 'java/lang/invoke/LambdaForm$MH+0x0000027c8100d000'
Event: 4307.096 Thread 0x0000027cc6f5a410 Unloading class 0x0000027c8100cc00 'java/lang/invoke/LambdaForm$MH+0x0000027c8100cc00'
Event: 4307.096 Thread 0x0000027cc6f5a410 Unloading class 0x0000027c8100c800 'java/lang/invoke/LambdaForm$BMH+0x0000027c8100c800'
Event: 4307.096 Thread 0x0000027cc6f5a410 Unloading class 0x0000027c8100c000 'java/lang/invoke/LambdaForm$DMH+0x0000027c8100c000'
Event: 4307.096 Thread 0x0000027cc6f5a410 Unloading class 0x0000027c81008c00 'java/lang/invoke/LambdaForm$MH+0x0000027c81008c00'
Event: 4307.096 Thread 0x0000027cc6f5a410 Unloading class 0x0000027c81008800 'java/lang/invoke/LambdaForm$MH+0x0000027c81008800'
Event: 4307.096 Thread 0x0000027cc6f5a410 Unloading class 0x0000027c81008400 'java/lang/invoke/LambdaForm$MH+0x0000027c81008400'
Event: 4307.096 Thread 0x0000027cc6f5a410 Unloading class 0x0000027c81007000 'java/lang/invoke/LambdaForm$MH+0x0000027c81007000'
Event: 4307.096 Thread 0x0000027cc6f5a410 Unloading class 0x0000027c81006800 'java/lang/invoke/LambdaForm$MH+0x0000027c81006800'
Event: 4307.096 Thread 0x0000027cc6f5a410 Unloading class 0x0000027c81006400 'java/lang/invoke/LambdaForm$MH+0x0000027c81006400'
Event: 4307.096 Thread 0x0000027cc6f5a410 Unloading class 0x0000027c81006000 'java/lang/invoke/LambdaForm$MH+0x0000027c81006000'
Event: 4307.096 Thread 0x0000027cc6f5a410 Unloading class 0x0000027c81005c00 'java/lang/invoke/LambdaForm$BMH+0x0000027c81005c00'
Event: 4307.096 Thread 0x0000027cc6f5a410 Unloading class 0x0000027c81004800 'java/lang/invoke/LambdaForm$DMH+0x0000027c81004800'
Event: 4307.096 Thread 0x0000027cc6f5a410 Unloading class 0x0000027c81002400 'java/lang/invoke/LambdaForm$MH+0x0000027c81002400'
Event: 4307.096 Thread 0x0000027cc6f5a410 Unloading class 0x0000027c81002000 'java/lang/invoke/LambdaForm$MH+0x0000027c81002000'
Event: 4307.096 Thread 0x0000027cc6f5a410 Unloading class 0x0000027c81001800 'java/lang/invoke/LambdaForm$MH+0x0000027c81001800'

Classes redefined (0 events):
No events

Internal exceptions (20 events):
Event: 4309.151 Thread 0x0000027cdfcd2960 Exception <a 'sun/nio/fs/WindowsException'{0x00000000d55b73a0}> (0x00000000d55b73a0) 
thrown [s\src\hotspot\share\prims\jni.cpp, line 520]
Event: 4310.019 Thread 0x0000027cdfcd2960 Exception <a 'sun/nio/fs/WindowsException'{0x00000000d55d8ca0}> (0x00000000d55d8ca0) 
thrown [s\src\hotspot\share\prims\jni.cpp, line 520]
Event: 4316.823 Thread 0x0000027ce5f46e10 Implicit null exception at 0x0000027cd28892c8 to 0x0000027cd288b4cc
Event: 4329.412 Thread 0x0000027cdfcd0f20 Implicit null exception at 0x0000027cd25498e6 to 0x0000027cd25499d4
Event: 4330.550 Thread 0x0000027cdfcd2960 Exception <a 'sun/nio/fs/WindowsException'{0x00000000d5605660}> (0x00000000d5605660) 
thrown [s\src\hotspot\share\prims\jni.cpp, line 520]
Event: 4332.088 Thread 0x0000027cdfcd2960 Exception <a 'sun/nio/fs/WindowsException'{0x00000000d56f48a0}> (0x00000000d56f48a0) 
thrown [s\src\hotspot\share\prims\jni.cpp, line 520]
Event: 4332.287 Thread 0x0000027cdfcd2960 Implicit null exception at 0x0000027cd29ee614 to 0x0000027cd29eea74
Event: 4332.289 Thread 0x0000027cdfcd2960 Implicit null exception at 0x0000027cd1bdf608 to 0x0000027cd1bdfa00
Event: 4339.179 Thread 0x0000027ce598c070 Exception <a 'java/lang/IncompatibleClassChangeError'{0x00000000d559bee0}: Found class java.lang.Object, but interface was expected> (0x00000000d559bee0) 
thrown [s\src\hotspot\share\interpreter\linkResolver.cpp, line 840]
Event: 4573.657 Thread 0x0000027cdfccfb70 Implicit null exception at 0x0000027cd1ecb78e to 0x0000027cd1ecb835
Event: 4573.770 Thread 0x0000027cdfccfb70 Exception <a 'sun/nio/fs/WindowsException'{0x00000000d55d8d98}> (0x00000000d55d8d98) 
thrown [s\src\hotspot\share\prims\jni.cpp, line 520]
Event: 4573.770 Thread 0x0000027cdfccfb70 Exception <a 'sun/nio/fs/WindowsException'{0x00000000d55d98e8}> (0x00000000d55d98e8) 
thrown [s\src\hotspot\share\prims\jni.cpp, line 520]
Event: 4573.773 Thread 0x0000027cdfccfb70 Implicit null exception at 0x0000027cd25f9f21 to 0x0000027cd25fa280
Event: 4573.810 Thread 0x0000027cdfccfb70 Implicit null exception at 0x0000027cd224a839 to 0x0000027cd224aac9
Event: 4573.852 Thread 0x0000027cdfccfb70 Exception <a 'java/lang/NoSuchMethodError'{0x00000000d55b6a38}: static Lorg/eclipse/m2e/core/internal/lifecyclemapping/model/PluginExecutionMetadata;.<clinit>()V> (0x00000000d55b6a38) 
thrown [s\src\hotspot\share\prims\jni.cpp, line 1111]
Event: 4573.855 Thread 0x0000027cdfccfb70 Exception <a 'java/lang/NoSuchMethodError'{0x00000000d55da9e0}: static Lorg/eclipse/m2e/core/internal/lifecyclemapping/model/PluginExecutionFilter;.<clinit>()V> (0x00000000d55da9e0) 
thrown [s\src\hotspot\share\prims\jni.cpp, line 1111]
Event: 4573.857 Thread 0x0000027cdfccfb70 Exception <a 'java/lang/NoSuchMethodError'{0x00000000d55f0598}: static Lorg/eclipse/m2e/core/internal/project/registry/MavenProjectFacade$MavenProjectConfiguration;.<clinit>()V> (0x00000000d55f0598) 
thrown [s\src\hotspot\share\prims\jni.cpp, line 1111]
Event: 4573.859 Thread 0x0000027cdfccfb70 Exception <a 'java/lang/NoSuchMethodError'{0x00000000d560d2d8}: static [J.<clinit>()V> (0x00000000d560d2d8) 
thrown [s\src\hotspot\share\prims\jni.cpp, line 1111]
Event: 4573.881 Thread 0x0000027cdfccfb70 Exception <a 'java/lang/NoSuchMethodError'{0x00000000d565ef90}: 'java.lang.Object java.lang.invoke.DirectMethodHandle$Holder.newInvokeSpecial(java.lang.Object, java.lang.Object, java.lang.Object, java.lang.Object, java.lang.Object, java.lang.Object, java.lang.Object, java.lang.Object)'> (0x00000000d565ef90) 
thrown [s\src\hotspot\share\interpreter\linkResolver.cpp, line 773]
Event: 11040.085 Thread 0x0000027ce598c070 Exception <a 'java/lang/IncompatibleClassChangeError'{0x00000000d568f248}: Found class java.lang.Object, but interface was expected> (0x00000000d568f248) 
thrown [s\src\hotspot\share\interpreter\linkResolver.cpp, line 840]

ZGC Phase Switch (0 events):
No events

VM Operations (20 events):
Event: 17018.314 Executing non-safepoint VM operation: HandshakeAllThreads (HandshakeForDeflation)
Event: 17018.323 Executing non-safepoint VM operation: HandshakeAllThreads (HandshakeForDeflation) done
Event: 17018.324 Executing non-safepoint VM operation: RendezvousGCThreads
Event: 17018.324 Executing non-safepoint VM operation: RendezvousGCThreads done
Event: 17078.474 Executing non-safepoint VM operation: HandshakeAllThreads (HandshakeForDeflation)
Event: 17078.477 Executing non-safepoint VM operation: HandshakeAllThreads (HandshakeForDeflation) done
Event: 17078.477 Executing non-safepoint VM operation: RendezvousGCThreads
Event: 17078.477 Executing non-safepoint VM operation: RendezvousGCThreads done
Event: 17138.678 Executing non-safepoint VM operation: HandshakeAllThreads (HandshakeForDeflation)
Event: 17138.678 Executing non-safepoint VM operation: HandshakeAllThreads (HandshakeForDeflation) done
Event: 17138.678 Executing non-safepoint VM operation: RendezvousGCThreads
Event: 17138.678 Executing non-safepoint VM operation: RendezvousGCThreads done
Event: 17198.806 Executing non-safepoint VM operation: HandshakeAllThreads (HandshakeForDeflation)
Event: 17198.809 Executing non-safepoint VM operation: HandshakeAllThreads (HandshakeForDeflation) done
Event: 17198.809 Executing non-safepoint VM operation: RendezvousGCThreads
Event: 17198.809 Executing non-safepoint VM operation: RendezvousGCThreads done
Event: 17379.398 Executing non-safepoint VM operation: HandshakeAllThreads (HandshakeForDeflation)
Event: 17379.402 Executing non-safepoint VM operation: HandshakeAllThreads (HandshakeForDeflation) done
Event: 17379.402 Executing non-safepoint VM operation: RendezvousGCThreads
Event: 17379.402 Executing non-safepoint VM operation: RendezvousGCThreads done

Memory protections (0 events):
No events

Nmethod flushes (20 events):
Event: 4307.344 Thread 0x0000027cc6f5a410 flushing  nmethod 0x0000027ccb301490
Event: 4307.344 Thread 0x0000027cc6f5a410 flushing  nmethod 0x0000027ccb308510
Event: 4307.344 Thread 0x0000027cc6f5a410 flushing  nmethod 0x0000027ccb315f10
Event: 4307.344 Thread 0x0000027cc6f5a410 flushing  nmethod 0x0000027ccb354f10
Event: 4307.344 Thread 0x0000027cc6f5a410 flushing  nmethod 0x0000027ccb357010
Event: 4307.344 Thread 0x0000027cc6f5a410 flushing  nmethod 0x0000027ccb389490
Event: 4307.344 Thread 0x0000027cc6f5a410 flushing  nmethod 0x0000027ccb3bdb10
Event: 4307.344 Thread 0x0000027cc6f5a410 flushing  nmethod 0x0000027ccb3f1890
Event: 4307.344 Thread 0x0000027cc6f5a410 flushing  nmethod 0x0000027ccb419690
Event: 4307.344 Thread 0x0000027cc6f5a410 flushing  nmethod 0x0000027ccb42ec90
Event: 4307.344 Thread 0x0000027cc6f5a410 flushing  nmethod 0x0000027ccb42f190
Event: 4307.344 Thread 0x0000027cc6f5a410 flushing  nmethod 0x0000027ccb436610
Event: 4307.344 Thread 0x0000027cc6f5a410 flushing  nmethod 0x0000027ccb4b5390
Event: 4307.344 Thread 0x0000027cc6f5a410 flushing  nmethod 0x0000027ccb4b6410
Event: 4307.344 Thread 0x0000027cc6f5a410 flushing  nmethod 0x0000027ccb4b6890
Event: 4307.344 Thread 0x0000027cc6f5a410 flushing  nmethod 0x0000027ccb4b7b90
Event: 4307.344 Thread 0x0000027cc6f5a410 flushing  nmethod 0x0000027ccb4bb810
Event: 4307.344 Thread 0x0000027cc6f5a410 flushing  nmethod 0x0000027ccb4bbb90
Event: 4307.344 Thread 0x0000027cc6f5a410 flushing  nmethod 0x0000027ccb4bd210
Event: 4307.344 Thread 0x0000027cc6f5a410 flushing  nmethod 0x0000027ccb4be090

Events (20 events):
Event: 5041.069 Thread 0x0000027ce5f45a60 Thread exited: 0x0000027ce5f45a60
Event: 5148.206 Thread 0x0000027ce5f49570 Thread exited: 0x0000027ce5f49570
Event: 5208.218 Thread 0x0000027ce5f48850 Thread exited: 0x0000027ce5f48850
Event: 5268.241 Thread 0x0000027ce5f48ee0 Thread exited: 0x0000027ce5f48ee0
Event: 5328.244 Thread 0x0000027ce5f49c00 Thread exited: 0x0000027ce5f49c00
Event: 5388.254 Thread 0x0000027ce5f46780 Thread exited: 0x0000027ce5f46780
Event: 7664.330 Thread 0x0000027ce598c070 Thread added: 0x0000027ce5f48850
Event: 7664.526 Thread 0x0000027ce5f48850 Thread added: 0x0000027ce5f46780
Event: 7669.502 Thread 0x0000027ce5f48850 Thread added: 0x0000027ce5f453d0
Event: 7744.665 Thread 0x0000027ce5f48850 Thread exited: 0x0000027ce5f48850
Event: 7804.691 Thread 0x0000027ce5f46780 Thread exited: 0x0000027ce5f46780
Event: 7864.745 Thread 0x0000027ce5f453d0 Thread exited: 0x0000027ce5f453d0
Event: 11040.253 Thread 0x0000027ce598c070 Thread added: 0x0000027ce5f48850
Event: 11127.117 Thread 0x0000027ce598c070 Thread added: 0x0000027ce5f45a60
Event: 11127.120 Thread 0x0000027ce5f45a60 Thread added: 0x0000027ce5f453d0
Event: 11127.156 Thread 0x0000027ce5f4afb0 Thread added: 0x0000027ce5f48ee0
Event: 11178.913 Thread 0x0000027ce5f48850 Thread exited: 0x0000027ce5f48850
Event: 11203.213 Thread 0x0000027ce5f453d0 Thread exited: 0x0000027ce5f453d0
Event: 11203.229 Thread 0x0000027ce5f48ee0 Thread exited: 0x0000027ce5f48ee0
Event: 11203.236 Thread 0x0000027ce5f4afb0 Thread exited: 0x0000027ce5f4afb0


Dynamic libraries:
0x00007ff70a140000 - 0x00007ff70a14e000 	c:\Users\Hp-256\.vscode\extensions\redhat.java-1.53.0-win32-x64\jre\21.0.10-win32-x86_64\bin\java.exe
0x00007ffff4e60000 - 0x00007ffff50c7000 	C:\WINDOWS\SYSTEM32\ntdll.dll
0x00007ffff35b0000 - 0x00007ffff3679000 	C:\WINDOWS\System32\KERNEL32.DLL
0x00007ffff1ea0000 - 0x00007ffff2291000 	C:\WINDOWS\System32\KERNELBASE.dll
0x00007fffeef50000 - 0x00007fffeefef000 	C:\WINDOWS\SYSTEM32\apphelp.dll
0x00007ffff1be0000 - 0x00007ffff1d2b000 	C:\WINDOWS\System32\ucrtbase.dll
0x00007fff7e550000 - 0x00007fff7e56e000 	c:\Users\Hp-256\.vscode\extensions\redhat.java-1.53.0-win32-x64\jre\21.0.10-win32-x86_64\bin\VCRUNTIME140.dll
0x00007fff6bc40000 - 0x00007fff6bc58000 	c:\Users\Hp-256\.vscode\extensions\redhat.java-1.53.0-win32-x64\jre\21.0.10-win32-x86_64\bin\jli.dll
0x00007ffff4a00000 - 0x00007ffff4bc5000 	C:\WINDOWS\System32\USER32.dll
0x00007fffebdc0000 - 0x00007fffec053000 	C:\WINDOWS\WinSxS\amd64_microsoft.windows.common-controls_6595b64144ccf1df_6.0.26100.8037_none_3e092faae333b53b\COMCTL32.dll
0x00007ffff2b10000 - 0x00007ffff2b37000 	C:\WINDOWS\System32\win32u.dll
0x00007ffff4bf0000 - 0x00007ffff4c1b000 	C:\WINDOWS\System32\GDI32.dll
0x00007ffff1ab0000 - 0x00007ffff1bdb000 	C:\WINDOWS\System32\gdi32full.dll
0x00007ffff17d0000 - 0x00007ffff1873000 	C:\WINDOWS\System32\msvcp_win.dll
0x00007ffff2c00000 - 0x00007ffff2ca9000 	C:\WINDOWS\System32\msvcrt.dll
0x00007ffff3690000 - 0x00007ffff36c1000 	C:\WINDOWS\System32\IMM32.DLL
0x00007fff7a110000 - 0x00007fff7a11c000 	c:\Users\Hp-256\.vscode\extensions\redhat.java-1.53.0-win32-x64\jre\21.0.10-win32-x86_64\bin\vcruntime140_1.dll
0x00007fff6b6f0000 - 0x00007fff6b77d000 	c:\Users\Hp-256\.vscode\extensions\redhat.java-1.53.0-win32-x64\jre\21.0.10-win32-x86_64\bin\msvcp140.dll
0x00007fff6a940000 - 0x00007fff6b6e1000 	c:\Users\Hp-256\.vscode\extensions\redhat.java-1.53.0-win32-x64\jre\21.0.10-win32-x86_64\bin\server\jvm.dll
0x00007ffff37c0000 - 0x00007ffff387b000 	C:\WINDOWS\System32\ADVAPI32.dll
0x00007ffff3140000 - 0x00007ffff31e7000 	C:\WINDOWS\System32\sechost.dll
0x00007ffff4c20000 - 0x00007ffff4d38000 	C:\WINDOWS\System32\RPCRT4.dll
0x00007ffff4540000 - 0x00007ffff45b4000 	C:\WINDOWS\System32\WS2_32.dll
0x00007ffff15c0000 - 0x00007ffff161e000 	C:\WINDOWS\SYSTEM32\POWRPROF.dll
0x00007fffebbf0000 - 0x00007fffebc25000 	C:\WINDOWS\SYSTEM32\WINMM.dll
0x00007fffebc30000 - 0x00007fffebc3b000 	C:\WINDOWS\SYSTEM32\VERSION.dll
0x00007ffff15a0000 - 0x00007ffff15b4000 	C:\WINDOWS\SYSTEM32\UMPDC.dll
0x00007ffff04d0000 - 0x00007ffff04eb000 	C:\WINDOWS\SYSTEM32\kernel.appcore.dll
0x00007fff794b0000 - 0x00007fff794ba000 	c:\Users\Hp-256\.vscode\extensions\redhat.java-1.53.0-win32-x64\jre\21.0.10-win32-x86_64\bin\jimage.dll
0x00007fffde210000 - 0x00007fffde452000 	C:\WINDOWS\SYSTEM32\DBGHELP.DLL
0x00007ffff2db0000 - 0x00007ffff3132000 	C:\WINDOWS\System32\combase.dll
0x00007ffff31f0000 - 0x00007ffff32c7000 	C:\WINDOWS\System32\OLEAUT32.dll
0x00007fffd64b0000 - 0x00007fffd64eb000 	C:\WINDOWS\SYSTEM32\dbgcore.DLL
0x00007ffff1880000 - 0x00007ffff1925000 	C:\WINDOWS\System32\bcryptPrimitives.dll
0x00007fff6d770000 - 0x00007fff6d77f000 	c:\Users\Hp-256\.vscode\extensions\redhat.java-1.53.0-win32-x64\jre\21.0.10-win32-x86_64\bin\instrument.dll
0x00007fff6a900000 - 0x00007fff6a920000 	c:\Users\Hp-256\.vscode\extensions\redhat.java-1.53.0-win32-x64\jre\21.0.10-win32-x86_64\bin\java.dll
0x00007ffff3d10000 - 0x00007ffff446f000 	C:\WINDOWS\System32\SHELL32.dll
0x00007ffff1d30000 - 0x00007ffff1e9a000 	C:\WINDOWS\System32\wintypes.dll
0x00007ffff22a0000 - 0x00007ffff2b04000 	C:\WINDOWS\System32\windows.storage.dll
0x00007ffff34b0000 - 0x00007ffff35a7000 	C:\WINDOWS\System32\SHCORE.dll
0x00007ffff3750000 - 0x00007ffff37b7000 	C:\WINDOWS\System32\shlwapi.dll
0x00007ffff1660000 - 0x00007ffff1689000 	C:\WINDOWS\SYSTEM32\profapi.dll
0x00007fff6a8e0000 - 0x00007fff6a8f8000 	c:\Users\Hp-256\.vscode\extensions\redhat.java-1.53.0-win32-x64\jre\21.0.10-win32-x86_64\bin\zip.dll
0x00007fff6ba00000 - 0x00007fff6ba10000 	C:\Users\Hp-256\.vscode\extensions\redhat.java-1.53.0-win32-x64\jre\21.0.10-win32-x86_64\bin\net.dll
0x00007fffe8e50000 - 0x00007fffe8f77000 	C:\WINDOWS\SYSTEM32\WINHTTP.dll
0x00007ffff0a40000 - 0x00007ffff0aab000 	C:\WINDOWS\system32\mswsock.dll
0x00007fff6a8c0000 - 0x00007fff6a8d6000 	C:\Users\Hp-256\.vscode\extensions\redhat.java-1.53.0-win32-x64\jre\21.0.10-win32-x86_64\bin\nio.dll
0x00007fff6b8d0000 - 0x00007fff6b8e0000 	c:\Users\Hp-256\.vscode\extensions\redhat.java-1.53.0-win32-x64\jre\21.0.10-win32-x86_64\bin\verify.dll
0x00007fffcdeb0000 - 0x00007fffcdef5000 	C:\Users\Hp-256\AppData\Roaming\Code\User\globalStorage\redhat.java\1.53.0\config_win\org.eclipse.equinox.launcher\org.eclipse.equinox.launcher.win32.win32.x86_64_1.3.0.v20260203-2149\eclipse_11919.dll
0x00007ffff4860000 - 0x00007ffff49f5000 	C:\WINDOWS\System32\ole32.dll
0x00007ffff0d30000 - 0x00007ffff0d4b000 	C:\WINDOWS\SYSTEM32\CRYPTSP.dll
0x00007ffff0430000 - 0x00007ffff0469000 	C:\WINDOWS\system32\rsaenh.dll
0x00007ffff0af0000 - 0x00007ffff0b22000 	C:\WINDOWS\SYSTEM32\USERENV.dll
0x00007ffff1630000 - 0x00007ffff165a000 	C:\WINDOWS\SYSTEM32\bcrypt.dll
0x00007ffff0d20000 - 0x00007ffff0d2c000 	C:\WINDOWS\SYSTEM32\CRYPTBASE.dll
0x00007fffefec0000 - 0x00007fffefef3000 	C:\WINDOWS\SYSTEM32\IPHLPAPI.DLL
0x00007ffff46e0000 - 0x00007ffff46ea000 	C:\WINDOWS\System32\NSI.dll
0x00007fffd74b0000 - 0x00007fffd74f9000 	C:\Users\Hp-256\AppData\Local\Temp\jna--2128843730\jna12048189554358380015.dll
0x00007ffff4680000 - 0x00007ffff4688000 	C:\WINDOWS\System32\PSAPI.DLL
0x00007fffeb820000 - 0x00007fffeb83d000 	C:\WINDOWS\SYSTEM32\dhcpcsvc6.DLL
0x00007fffeb7f0000 - 0x00007fffeb813000 	C:\WINDOWS\SYSTEM32\dhcpcsvc.DLL
0x00007fffe5af0000 - 0x00007fffe5afe000 	C:\Users\Hp-256\.vscode\extensions\redhat.java-1.53.0-win32-x64\jre\21.0.10-win32-x86_64\bin\sunmscapi.dll
0x00007ffff1930000 - 0x00007ffff1aa7000 	C:\WINDOWS\System32\CRYPT32.dll
0x00007ffff0f40000 - 0x00007ffff0f70000 	C:\WINDOWS\SYSTEM32\ncrypt.dll
0x00007ffff0ef0000 - 0x00007ffff0f2f000 	C:\WINDOWS\SYSTEM32\NTASN1.dll
0x00007fffeff70000 - 0x00007ffff009a000 	C:\WINDOWS\SYSTEM32\DNSAPI.dll
0x00007fffd8950000 - 0x00007fffd895b000 	C:\Windows\System32\rasadhlp.dll
0x00007fffe8850000 - 0x00007fffe88d6000 	C:\WINDOWS\System32\fwpuclnt.dll
0x00007fffe5ae0000 - 0x00007fffe5ae9000 	C:\Users\Hp-256\.vscode\extensions\redhat.java-1.53.0-win32-x64\jre\21.0.10-win32-x86_64\bin\extnet.dll

JVMTI agents:
c:\Users\Hp-256\.vscode\extensions\redhat.java-1.53.0-win32-x64\lombok\lombok-1.18.39-4050.jar path:c:\Users\Hp-256\.vscode\extensions\redhat.java-1.53.0-win32-x64\jre\21.0.10-win32-x86_64\bin\instrument.dll, loaded, initialized, instrumentlib options:none

dbghelp: loaded successfully - version: 4.0.5 - missing functions: none
symbol engine: initialized successfully - sym options: 0x614 - pdb path: .;c:\Users\Hp-256\.vscode\extensions\redhat.java-1.53.0-win32-x64\jre\21.0.10-win32-x86_64\bin;C:\WINDOWS\SYSTEM32;C:\WINDOWS\WinSxS\amd64_microsoft.windows.common-controls_6595b64144ccf1df_6.0.26100.8037_none_3e092faae333b53b;c:\Users\Hp-256\.vscode\extensions\redhat.java-1.53.0-win32-x64\jre\21.0.10-win32-x86_64\bin\server;C:\Users\Hp-256\AppData\Roaming\Code\User\globalStorage\redhat.java\1.53.0\config_win\org.eclipse.equinox.launcher\org.eclipse.equinox.launcher.win32.win32.x86_64_1.3.0.v20260203-2149;C:\Users\Hp-256\AppData\Local\Temp\jna--2128843730

VM Arguments:
jvm_args: --add-modules=ALL-SYSTEM --add-opens=java.base/java.util=ALL-UNNAMED --add-opens=java.base/java.lang=ALL-UNNAMED --add-opens=java.base/sun.nio.fs=ALL-UNNAMED -Declipse.application=org.eclipse.jdt.ls.core.id1 -Dosgi.bundles.defaultStartLevel=4 -Declipse.product=org.eclipse.jdt.ls.core.product -Djava.import.generatesMetadataFilesAtProjectRoot=false -DDetectVMInstallationsJob.disabled=true -Dfile.encoding=utf8 -XX:+UseParallelGC -XX:GCTimeRatio=4 -XX:AdaptiveSizePolicyWeight=90 -Dsun.zip.disableMemoryMapping=true -Xmx2G -Xms100m -Xlog:disable -javaagent:c:\Users\Hp-256\.vscode\extensions\redhat.java-1.53.0-win32-x64\lombok\lombok-1.18.39-4050.jar -XX:+HeapDumpOnOutOfMemoryError -XX:HeapDumpPath=c:\Users\Hp-256\AppData\Roaming\Code\User\workspaceStorage\adb93a7155e922b6d6af7a96fbedc232\redhat.java -Daether.dependencyCollector.impl=bf 
java_command: c:\Users\Hp-256\.vscode\extensions\redhat.java-1.53.0-win32-x64\server\plugins\org.eclipse.equinox.launcher_1.7.100.v20251111-0406.jar -configuration c:\Users\Hp-256\AppData\Roaming\Code\User\globalStorage\redhat.java\1.53.0\config_win -data c:\Users\Hp-256\AppData\Roaming\Code\User\workspaceStorage\adb93a7155e922b6d6af7a96fbedc232\redhat.java\jdt_ws --pipe=\\.\pipe\lsp-9f90d406372a762795c1d4da17670cab-sock
java_class_path (initial): c:\Users\Hp-256\.vscode\extensions\redhat.java-1.53.0-win32-x64\server\plugins\org.eclipse.equinox.launcher_1.7.100.v20251111-0406.jar
Launcher Type: SUN_STANDARD

[Global flags]
    uintx AdaptiveSizePolicyWeight                 = 90                                        {product} {command line}
     intx CICompilerCount                          = 4                                         {product} {ergonomic}
    uintx GCTimeRatio                              = 4                                         {product} {command line}
     bool HeapDumpOnOutOfMemoryError               = true                                   {manageable} {command line}
    ccstr HeapDumpPath                             = c:\Users\Hp-256\AppData\Roaming\Code\User\workspaceStorage\adb93a7155e922b6d6af7a96fbedc232\redhat.java         {manageable} {command line}
   size_t InitialHeapSize                          = 104857600                                 {product} {command line}
   size_t MaxHeapSize                              = 2147483648                                {product} {command line}
   size_t MaxNewSize                               = 715653120                                 {product} {ergonomic}
   size_t MinHeapDeltaBytes                        = 524288                                    {product} {ergonomic}
   size_t MinHeapSize                              = 104857600                                 {product} {command line}
   size_t NewSize                                  = 34603008                                  {product} {ergonomic}
    uintx NonNMethodCodeHeapSize                   = 5839372                                {pd product} {ergonomic}
    uintx NonProfiledCodeHeapSize                  = 122909434                              {pd product} {ergonomic}
   size_t OldSize                                  = 70254592                                  {product} {ergonomic}
    uintx ProfiledCodeHeapSize                     = 122909434                              {pd product} {ergonomic}
    uintx ReservedCodeCacheSize                    = 251658240                              {pd product} {ergonomic}
     bool SegmentedCodeCache                       = true                                      {product} {ergonomic}
   size_t SoftMaxHeapSize                          = 2147483648                             {manageable} {ergonomic}
     bool UseCompressedOops                        = true                           {product lp64_product} {ergonomic}
     bool UseLargePagesIndividualAllocation        = false                                  {pd product} {ergonomic}
     bool UseParallelGC                            = true                                      {product} {command line}

Logging:
Log output configuration:
 #0: stdout all=off uptime,level,tags foldmultilines=false
 #1: stderr all=off uptime,level,tags foldmultilines=false

Release file:
JAVA_VERSION="21.0.10" 
MODULES="java.base java.compiler java.datatransfer java.xml java.prefs java.desktop java.instrument java.logging java.management java.security.sasl java.naming java.rmi java.management.rmi java.net.http java.scripting java.security.jgss java.transaction.xa java.sql java.sql.rowset java.xml.crypto java.se java.smartcardio jdk.accessibility jdk.internal.jvmstat jdk.attach jdk.charsets jdk.internal.opt jdk.zipfs jdk.compiler jdk.crypto.ec jdk.crypto.cryptoki jdk.crypto.mscapi jdk.dynalink jdk.internal.ed jdk.editpad jdk.hotspot.agent jdk.httpserver jdk.internal.le jdk.internal.vm.ci jdk.internal.vm.compiler jdk.internal.vm.compiler.management jdk.jartool jdk.javadoc jdk.jcmd jdk.management jdk.management.agent jdk.jconsole jdk.jdeps jdk.jdwp.agent jdk.jdi jdk.jfr jdk.jshell jdk.jsobject jdk.jstatd jdk.localedata jdk.management.jfr jdk.naming.dns jdk.naming.rmi jdk.net jdk.nio.mapmode jdk.random jdk.sctp jdk.security.auth jdk.security.jgss jdk.unsupported jdk.unsupported.desktop jdk.xml.dom" 

Environment Variables:
JAVA_HOME=C:\Program Files\Android\Android Studio\jbr
PATH=C:\Users\Hp-256\AppData\Local\Programs\Microsoft VS Code;C:\Program Files\Common Files\Oracle\Java\javapath;C:\WINDOWS\system32;C:\WINDOWS;C:\WINDOWS\System32\Wbem;C:\WINDOWS\System32\WindowsPowerShell\v1.0\;C:\WINDOWS\System32\OpenSSH\;C:\Program Files\Git\cmd;C:\Program Files\nodejs\;C:\Users\Hp-256\AppData\Local\Android\Sdk\platform-tools;C:\Users\Hp-256\AppData\Local\Android\Sdk\emulator;C:\Users\Hp-256\AppData\Local\Android\Sdk\cmdline-tools\latest\bin;C:\Program Files\Android\Android Studio\jbr\bin;C:\Users\Hp-256\Downloads\apache-maven-3.9.12-bin\apache-maven-3.9.12\bin;C:\Users\Hp-256\Downloads\apache-maven-3.9.12-bin\apache-maven-3.9.12\bin;C:\Program Files\dotnet\;C:\Program Files\Microsoft SQL Server\170\Tools\Binn\;C:\Program Files\Microsoft SQL Server\Client SDK\ODBC\170\Tools\Binn\;C:\Program Files\PostgreSQL\15\bin;C:\Users\Hp-256\AppData\Local\Microsoft\WindowsApps;C:\Users\Hp-256\AppData\Roaming\npm;C:\Users\Hp-256\AppData\Local\Android\Sdk\platform-tools;C:\Users\Hp-256\AppData\Local\Android\Sdk\emulator;C:\Users\Hp-256\AppData\Local\Android\Sdk\cmdline-tools\latest\bin;C:\Program Files\Android\Android Studio\jbr\bin;C:\Users\Hp-256\AppData\Local\Programs\Microsoft VS Code\bin;C:\Users\Hp-256\.dotnet\tools
USERNAME=Hp-256
OS=Windows_NT
PROCESSOR_IDENTIFIER=AMD64 Family 23 Model 24 Stepping 1, AuthenticAMD
TMP=C:\Users\Hp-256\AppData\Local\Temp
TEMP=C:\Users\Hp-256\AppData\Local\Temp




Periodic native trim disabled

---------------  S Y S T E M  ---------------

OS:
 Windows 11 , 64 bit Build 26100 (10.0.26100.7920)
OS uptime: 1 days 17:02 hours

CPU: total 8 (initial active 8) (8 cores per cpu, 2 threads per core) family 23 model 24 stepping 1 microcode 0x8108109, cx8, cmov, fxsr, ht, mmx, 3dnowpref, sse, sse2, sse3, ssse3, sse4a, sse4.1, sse4.2, popcnt, lzcnt, tsc, tscinvbit, avx, avx2, aes, clmul, bmi1, bmi2, adx, sha, fma, vzeroupper, clflush, clflushopt, rdtscp, f16c
Processor Information for the first 8 processors :
  Max Mhz: 2100, Current Mhz: 2100, Mhz Limit: 2100

Memory: 4k page, system-wide physical 6016M (377M free)
TotalPageFile size 24448M (AvailPageFile size 16M)
current process WorkingSet (physical memory assigned to process): 9M, peak: 831M
current process commit charge ("private bytes"): 911M, peak: 924M

vm_info: OpenJDK 64-Bit Server VM (21.0.10+7-LTS) for windows-amd64 JRE (21.0.10+7-LTS), built on 2026-01-20T00:00:00Z by "admin" with MS VC++ 17.12 (VS2022)

END.
